[0.770s] Invoking command in '/home/tedee/path/ros2_ws/src/vision_node': PYTHONPATH=/home/tedee/path/ros2_ws/build/vision_node/prefix_override:/usr/lib/python3/dist-packages/colcon_core/task/python/colcon_distutils_commands:/home/tedee/path/ros2_ws/install/vision_node/lib/python3.10/site-packages:${PYTHONPATH} /usr/bin/python3 -W ignore:setup.py install is deprecated -W ignore:easy_install command is deprecated setup.py egg_info --egg-base ../../build/vision_node build --build-base /home/tedee/path/ros2_ws/build/vision_node/build install --record /home/tedee/path/ros2_ws/build/vision_node/install.log --single-version-externally-managed install_data
[0.932s] running egg_info
[0.932s] creating ../../build/vision_node/vision_node.egg-info
[0.932s] writing ../../build/vision_node/vision_node.egg-info/PKG-INFO
[0.932s] writing dependency_links to ../../build/vision_node/vision_node.egg-info/dependency_links.txt
[0.933s] writing entry points to ../../build/vision_node/vision_node.egg-info/entry_points.txt
[0.933s] writing requirements to ../../build/vision_node/vision_node.egg-info/requires.txt
[0.933s] writing top-level names to ../../build/vision_node/vision_node.egg-info/top_level.txt
[0.933s] writing manifest file '../../build/vision_node/vision_node.egg-info/SOURCES.txt'
[0.934s] reading manifest file '../../build/vision_node/vision_node.egg-info/SOURCES.txt'
[0.934s] writing manifest file '../../build/vision_node/vision_node.egg-info/SOURCES.txt'
[0.934s] running build
[0.934s] running build_py
[0.934s] creating /home/tedee/path/ros2_ws/build/vision_node/build
[0.934s] creating /home/tedee/path/ros2_ws/build/vision_node/build/lib
[0.934s] creating /home/tedee/path/ros2_ws/build/vision_node/build/lib/vision_node
[0.935s] copying vision_node/__init__.py -> /home/tedee/path/ros2_ws/build/vision_node/build/lib/vision_node
[0.936s] copying vision_node/vision_node.py -> /home/tedee/path/ros2_ws/build/vision_node/build/lib/vision_node
[0.936s] running install
[0.936s] running install_lib
[0.936s] creating /home/tedee/path/ros2_ws/install/vision_node/lib/python3.10/site-packages/vision_node
[0.936s] copying /home/tedee/path/ros2_ws/build/vision_node/build/lib/vision_node/__init__.py -> /home/tedee/path/ros2_ws/install/vision_node/lib/python3.10/site-packages/vision_node
[0.936s] copying /home/tedee/path/ros2_ws/build/vision_node/build/lib/vision_node/vision_node.py -> /home/tedee/path/ros2_ws/install/vision_node/lib/python3.10/site-packages/vision_node
[0.936s] byte-compiling /home/tedee/path/ros2_ws/install/vision_node/lib/python3.10/site-packages/vision_node/__init__.py to __init__.cpython-310.pyc
[0.936s] byte-compiling /home/tedee/path/ros2_ws/install/vision_node/lib/python3.10/site-packages/vision_node/vision_node.py to vision_node.cpython-310.pyc
[0.937s] running install_data
[0.937s] creating /home/tedee/path/ros2_ws/install/vision_node/share/ament_index
[0.937s] creating /home/tedee/path/ros2_ws/install/vision_node/share/ament_index/resource_index
[0.937s] creating /home/tedee/path/ros2_ws/install/vision_node/share/ament_index/resource_index/packages
[0.937s] copying resource/vision_node -> /home/tedee/path/ros2_ws/install/vision_node/share/ament_index/resource_index/packages
[0.937s] copying package.xml -> /home/tedee/path/ros2_ws/install/vision_node/share/vision_node
[0.937s] creating /home/tedee/path/ros2_ws/install/vision_node/share/vision_node/camera
[0.937s] copying resource/camera/default.ros2 -> /home/tedee/path/ros2_ws/install/vision_node/share/vision_node/camera
[0.937s] running install_egg_info
[0.938s] Copying ../../build/vision_node/vision_node.egg-info to /home/tedee/path/ros2_ws/install/vision_node/lib/python3.10/site-packages/vision_node-0.0.0-py3.10.egg-info
[0.939s] running install_scripts
[0.951s] Installing vision_node script to /home/tedee/path/ros2_ws/install/vision_node/lib/vision_node
[0.951s] writing list of installed files to '/home/tedee/path/ros2_ws/build/vision_node/install.log'
[0.976s] Invoked command in '/home/tedee/path/ros2_ws/src/vision_node' returned '0': PYTHONPATH=/home/tedee/path/ros2_ws/build/vision_node/prefix_override:/usr/lib/python3/dist-packages/colcon_core/task/python/colcon_distutils_commands:/home/tedee/path/ros2_ws/install/vision_node/lib/python3.10/site-packages:${PYTHONPATH} /usr/bin/python3 -W ignore:setup.py install is deprecated -W ignore:easy_install command is deprecated setup.py egg_info --egg-base ../../build/vision_node build --build-base /home/tedee/path/ros2_ws/build/vision_node/build install --record /home/tedee/path/ros2_ws/build/vision_node/install.log --single-version-externally-managed install_data
