running egg_info
writing ../../build/path_follower/path_follower.egg-info/PKG-INFO
writing dependency_links to ../../build/path_follower/path_follower.egg-info/dependency_links.txt
writing entry points to ../../build/path_follower/path_follower.egg-info/entry_points.txt
writing requirements to ../../build/path_follower/path_follower.egg-info/requires.txt
writing top-level names to ../../build/path_follower/path_follower.egg-info/top_level.txt
reading manifest file '../../build/path_follower/path_follower.egg-info/SOURCES.txt'
writing manifest file '../../build/path_follower/path_follower.egg-info/SOURCES.txt'
running build
running build_py
copying path_follower/path_follower_node.py -> /home/tedee/path/ros2_ws/build/path_follower/build/lib/path_follower
running install
running install_lib
copying /home/tedee/path/ros2_ws/build/path_follower/build/lib/path_follower/path_follower_node.py -> /home/tedee/path/ros2_ws/install/path_follower/lib/python3.10/site-packages/path_follower
byte-compiling /home/tedee/path/ros2_ws/install/path_follower/lib/python3.10/site-packages/path_follower/path_follower_node.py to path_follower_node.cpython-310.pyc
running install_data
running install_egg_info
removing '/home/tedee/path/ros2_ws/install/path_follower/lib/python3.10/site-packages/path_follower-0.0.0-py3.10.egg-info' (and everything under it)
Copying ../../build/path_follower/path_follower.egg-info to /home/tedee/path/ros2_ws/install/path_follower/lib/python3.10/site-packages/path_follower-0.0.0-py3.10.egg-info
running install_scripts
Installing path_follower_node script to /home/tedee/path/ros2_ws/install/path_follower/lib/path_follower
writing list of installed files to '/home/tedee/path/ros2_ws/build/path_follower/install.log'
