[0.889s] Invoking command in '/home/tedee/path/ros2_ws/src/path_planner': PYTHONPATH=/home/tedee/path/ros2_ws/build/path_planner/prefix_override:/usr/lib/python3/dist-packages/colcon_core/task/python/colcon_distutils_commands:/home/tedee/path/ros2_ws/install/path_planner/lib/python3.10/site-packages:${PYTHONPATH} /usr/bin/python3 -W ignore:setup.py install is deprecated -W ignore:easy_install command is deprecated setup.py egg_info --egg-base ../../build/path_planner build --build-base /home/tedee/path/ros2_ws/build/path_planner/build install --record /home/tedee/path/ros2_ws/build/path_planner/install.log --single-version-externally-managed install_data
[1.076s] running egg_info
[1.077s] writing ../../build/path_planner/path_planner.egg-info/PKG-INFO
[1.077s] writing dependency_links to ../../build/path_planner/path_planner.egg-info/dependency_links.txt
[1.077s] writing entry points to ../../build/path_planner/path_planner.egg-info/entry_points.txt
[1.077s] writing requirements to ../../build/path_planner/path_planner.egg-info/requires.txt
[1.077s] writing top-level names to ../../build/path_planner/path_planner.egg-info/top_level.txt
[1.078s] reading manifest file '../../build/path_planner/path_planner.egg-info/SOURCES.txt'
[1.078s] writing manifest file '../../build/path_planner/path_planner.egg-info/SOURCES.txt'
[1.079s] running build
[1.079s] running build_py
[1.079s] running install
[1.079s] running install_lib
[1.080s] running install_data
[1.080s] running install_egg_info
[1.081s] removing '/home/tedee/path/ros2_ws/install/path_planner/lib/python3.10/site-packages/path_planner-0.0.0-py3.10.egg-info' (and everything under it)
[1.081s] Copying ../../build/path_planner/path_planner.egg-info to /home/tedee/path/ros2_ws/install/path_planner/lib/python3.10/site-packages/path_planner-0.0.0-py3.10.egg-info
[1.081s] running install_scripts
[1.096s] Installing path_planner_node script to /home/tedee/path/ros2_ws/install/path_planner/lib/path_planner
[1.096s] writing list of installed files to '/home/tedee/path/ros2_ws/build/path_planner/install.log'
[1.114s] Invoked command in '/home/tedee/path/ros2_ws/src/path_planner' returned '0': PYTHONPATH=/home/tedee/path/ros2_ws/build/path_planner/prefix_override:/usr/lib/python3/dist-packages/colcon_core/task/python/colcon_distutils_commands:/home/tedee/path/ros2_ws/install/path_planner/lib/python3.10/site-packages:${PYTHONPATH} /usr/bin/python3 -W ignore:setup.py install is deprecated -W ignore:easy_install command is deprecated setup.py egg_info --egg-base ../../build/path_planner build --build-base /home/tedee/path/ros2_ws/build/path_planner/build install --record /home/tedee/path/ros2_ws/build/path_planner/install.log --single-version-externally-managed install_data
