[0.755s] Invoking command in '/home/tedee/path/ros2_ws/src/path_planner': PYTHONPATH=/home/tedee/path/ros2_ws/build/path_planner/prefix_override:/usr/lib/python3/dist-packages/colcon_core/task/python/colcon_distutils_commands:/home/tedee/path/ros2_ws/install/path_planner/lib/python3.10/site-packages:${PYTHONPATH} /usr/bin/python3 -W ignore:setup.py install is deprecated -W ignore:easy_install command is deprecated setup.py egg_info --egg-base ../../build/path_planner build --build-base /home/tedee/path/ros2_ws/build/path_planner/build install --record /home/tedee/path/ros2_ws/build/path_planner/install.log --single-version-externally-managed install_data
[0.922s] running egg_info
[0.922s] creating ../../build/path_planner/path_planner.egg-info
[0.922s] writing ../../build/path_planner/path_planner.egg-info/PKG-INFO
[0.922s] writing dependency_links to ../../build/path_planner/path_planner.egg-info/dependency_links.txt
[0.922s] writing entry points to ../../build/path_planner/path_planner.egg-info/entry_points.txt
[0.922s] writing requirements to ../../build/path_planner/path_planner.egg-info/requires.txt
[0.922s] writing top-level names to ../../build/path_planner/path_planner.egg-info/top_level.txt
[0.922s] writing manifest file '../../build/path_planner/path_planner.egg-info/SOURCES.txt'
[0.923s] reading manifest file '../../build/path_planner/path_planner.egg-info/SOURCES.txt'
[0.923s] writing manifest file '../../build/path_planner/path_planner.egg-info/SOURCES.txt'
[0.923s] running build
[0.923s] running build_py
[0.924s] creating /home/tedee/path/ros2_ws/build/path_planner/build
[0.924s] creating /home/tedee/path/ros2_ws/build/path_planner/build/lib
[0.924s] creating /home/tedee/path/ros2_ws/build/path_planner/build/lib/path_planner
[0.924s] copying path_planner/__init__.py -> /home/tedee/path/ros2_ws/build/path_planner/build/lib/path_planner
[0.924s] copying path_planner/path_planner_node.py -> /home/tedee/path/ros2_ws/build/path_planner/build/lib/path_planner
[0.924s] running install
[0.924s] running install_lib
[0.925s] running install_data
[0.925s] running install_egg_info
[0.926s] removing '/home/tedee/path/ros2_ws/install/path_planner/lib/python3.10/site-packages/path_planner-0.0.0-py3.10.egg-info' (and everything under it)
[0.926s] Copying ../../build/path_planner/path_planner.egg-info to /home/tedee/path/ros2_ws/install/path_planner/lib/python3.10/site-packages/path_planner-0.0.0-py3.10.egg-info
[0.926s] running install_scripts
[0.939s] Installing path_planner_node script to /home/tedee/path/ros2_ws/install/path_planner/lib/path_planner
[0.939s] writing list of installed files to '/home/tedee/path/ros2_ws/build/path_planner/install.log'
[0.956s] Invoked command in '/home/tedee/path/ros2_ws/src/path_planner' returned '0': PYTHONPATH=/home/tedee/path/ros2_ws/build/path_planner/prefix_override:/usr/lib/python3/dist-packages/colcon_core/task/python/colcon_distutils_commands:/home/tedee/path/ros2_ws/install/path_planner/lib/python3.10/site-packages:${PYTHONPATH} /usr/bin/python3 -W ignore:setup.py install is deprecated -W ignore:easy_install command is deprecated setup.py egg_info --egg-base ../../build/path_planner build --build-base /home/tedee/path/ros2_ws/build/path_planner/build install --record /home/tedee/path/ros2_ws/build/path_planner/install.log --single-version-externally-managed install_data
