/home/tedee/path/ros2_ws/install/webots_ros2_husarion/lib/python3.10/site-packages/webots_ros2_husarion/__init__.py
/home/tedee/path/ros2_ws/install/webots_ros2_husarion/lib/python3.10/site-packages/webots_ros2_husarion/__pycache__/__init__.cpython-310.pyc
/home/tedee/path/ros2_ws/install/webots_ros2_husarion/share/ament_index/resource_index/packages/webots_ros2_husarion
/home/tedee/path/ros2_ws/install/webots_ros2_husarion/share/webots_ros2_husarion/launch/rosbot_launch.py
/home/tedee/path/ros2_ws/install/webots_ros2_husarion/share/webots_ros2_husarion/launch/rosbot_xl_launch.py
/home/tedee/path/ros2_ws/install/webots_ros2_husarion/share/webots_ros2_husarion/resource/rosbot_controllers.yaml
/home/tedee/path/ros2_ws/install/webots_ros2_husarion/share/webots_ros2_husarion/resource/rosbot_xl_controllers.yaml
/home/tedee/path/ros2_ws/install/webots_ros2_husarion/share/webots_ros2_husarion/resource/ekf.yaml
/home/tedee/path/ros2_ws/install/webots_ros2_husarion/share/webots_ros2_husarion/resource/laser_filter.yaml
/home/tedee/path/ros2_ws/install/webots_ros2_husarion/share/webots_ros2_husarion/resource/rosbot_webots.urdf
/home/tedee/path/ros2_ws/install/webots_ros2_husarion/share/webots_ros2_husarion/resource/rosbot_links_remappings.yaml
/home/tedee/path/ros2_ws/install/webots_ros2_husarion/share/webots_ros2_husarion/worlds/rosbot.wbt
/home/tedee/path/ros2_ws/install/webots_ros2_husarion/share/webots_ros2_husarion/worlds/rosbot_xl.wbt
/home/tedee/path/ros2_ws/install/webots_ros2_husarion/share/webots_ros2_husarion/worlds/meshes/husarion_world.dae
/home/tedee/path/ros2_ws/install/webots_ros2_husarion/share/webots_ros2_husarion/package.xml
/home/tedee/path/ros2_ws/install/webots_ros2_husarion/lib/python3.10/site-packages/webots_ros2_husarion-2025.0.0-py3.10.egg-info/dependency_links.txt
/home/tedee/path/ros2_ws/install/webots_ros2_husarion/lib/python3.10/site-packages/webots_ros2_husarion-2025.0.0-py3.10.egg-info/entry_points.txt
/home/tedee/path/ros2_ws/install/webots_ros2_husarion/lib/python3.10/site-packages/webots_ros2_husarion-2025.0.0-py3.10.egg-info/zip-safe
/home/tedee/path/ros2_ws/install/webots_ros2_husarion/lib/python3.10/site-packages/webots_ros2_husarion-2025.0.0-py3.10.egg-info/SOURCES.txt
/home/tedee/path/ros2_ws/install/webots_ros2_husarion/lib/python3.10/site-packages/webots_ros2_husarion-2025.0.0-py3.10.egg-info/requires.txt
/home/tedee/path/ros2_ws/install/webots_ros2_husarion/lib/python3.10/site-packages/webots_ros2_husarion-2025.0.0-py3.10.egg-info/top_level.txt
/home/tedee/path/ros2_ws/install/webots_ros2_husarion/lib/python3.10/site-packages/webots_ros2_husarion-2025.0.0-py3.10.egg-info/PKG-INFO
