/home/tedee/path/ros2_ws/install/webots_ros2_tesla/lib/python3.10/site-packages/webots_ros2_tesla/lane_follower.py
/home/tedee/path/ros2_ws/install/webots_ros2_tesla/lib/python3.10/site-packages/webots_ros2_tesla/tesla_driver.py
/home/tedee/path/ros2_ws/install/webots_ros2_tesla/lib/python3.10/site-packages/webots_ros2_tesla/__init__.py
/home/tedee/path/ros2_ws/install/webots_ros2_tesla/lib/python3.10/site-packages/webots_ros2_tesla/__pycache__/lane_follower.cpython-310.pyc
/home/tedee/path/ros2_ws/install/webots_ros2_tesla/lib/python3.10/site-packages/webots_ros2_tesla/__pycache__/tesla_driver.cpython-310.pyc
/home/tedee/path/ros2_ws/install/webots_ros2_tesla/lib/python3.10/site-packages/webots_ros2_tesla/__pycache__/__init__.cpython-310.pyc
/home/tedee/path/ros2_ws/install/webots_ros2_tesla/share/ament_index/resource_index/packages/webots_ros2_tesla
/home/tedee/path/ros2_ws/install/webots_ros2_tesla/share/webots_ros2_tesla/launch/robot_launch.py
/home/tedee/path/ros2_ws/install/webots_ros2_tesla/share/webots_ros2_tesla/worlds/tesla_world.wbt
/home/tedee/path/ros2_ws/install/webots_ros2_tesla/share/webots_ros2_tesla/worlds/.tesla_world.wbproj
/home/tedee/path/ros2_ws/install/webots_ros2_tesla/share/webots_ros2_tesla/resource/tesla_webots.urdf
/home/tedee/path/ros2_ws/install/webots_ros2_tesla/share/webots_ros2_tesla/package.xml
/home/tedee/path/ros2_ws/install/webots_ros2_tesla/lib/python3.10/site-packages/webots_ros2_tesla-2025.0.0-py3.10.egg-info/dependency_links.txt
/home/tedee/path/ros2_ws/install/webots_ros2_tesla/lib/python3.10/site-packages/webots_ros2_tesla-2025.0.0-py3.10.egg-info/entry_points.txt
/home/tedee/path/ros2_ws/install/webots_ros2_tesla/lib/python3.10/site-packages/webots_ros2_tesla-2025.0.0-py3.10.egg-info/zip-safe
/home/tedee/path/ros2_ws/install/webots_ros2_tesla/lib/python3.10/site-packages/webots_ros2_tesla-2025.0.0-py3.10.egg-info/SOURCES.txt
/home/tedee/path/ros2_ws/install/webots_ros2_tesla/lib/python3.10/site-packages/webots_ros2_tesla-2025.0.0-py3.10.egg-info/requires.txt
/home/tedee/path/ros2_ws/install/webots_ros2_tesla/lib/python3.10/site-packages/webots_ros2_tesla-2025.0.0-py3.10.egg-info/top_level.txt
/home/tedee/path/ros2_ws/install/webots_ros2_tesla/lib/python3.10/site-packages/webots_ros2_tesla-2025.0.0-py3.10.egg-info/PKG-INFO
/home/tedee/path/ros2_ws/install/webots_ros2_tesla/lib/webots_ros2_tesla/lane_follower
