[0.772s] Invoking command in '/home/tedee/path/ros2_ws/src/path_planner': PYTHONPATH=/home/tedee/path/ros2_ws/build/path_planner/prefix_override:/usr/lib/python3/dist-packages/colcon_core/task/python/colcon_distutils_commands:/home/tedee/path/ros2_ws/install/path_planner/lib/python3.10/site-packages:${PYTHONPATH} /usr/bin/python3 -W ignore:setup.py install is deprecated -W ignore:easy_install command is deprecated setup.py egg_info --egg-base ../../build/path_planner build --build-base /home/tedee/path/ros2_ws/build/path_planner/build install --record /home/tedee/path/ros2_ws/build/path_planner/install.log --single-version-externally-managed install_data
[0.935s] running egg_info
[0.935s] creating ../../build/path_planner/path_planner.egg-info
[0.935s] writing ../../build/path_planner/path_planner.egg-info/PKG-INFO
[0.936s] writing dependency_links to ../../build/path_planner/path_planner.egg-info/dependency_links.txt
[0.936s] writing entry points to ../../build/path_planner/path_planner.egg-info/entry_points.txt
[0.936s] writing requirements to ../../build/path_planner/path_planner.egg-info/requires.txt
[0.936s] writing top-level names to ../../build/path_planner/path_planner.egg-info/top_level.txt
[0.936s] writing manifest file '../../build/path_planner/path_planner.egg-info/SOURCES.txt'
[0.937s] reading manifest file '../../build/path_planner/path_planner.egg-info/SOURCES.txt'
[0.937s] writing manifest file '../../build/path_planner/path_planner.egg-info/SOURCES.txt'
[0.937s] running build
[0.937s] running build_py
[0.937s] creating /home/tedee/path/ros2_ws/build/path_planner/build
[0.938s] creating /home/tedee/path/ros2_ws/build/path_planner/build/lib
[0.938s] creating /home/tedee/path/ros2_ws/build/path_planner/build/lib/path_planner
[0.938s] copying path_planner/__init__.py -> /home/tedee/path/ros2_ws/build/path_planner/build/lib/path_planner
[0.938s] copying path_planner/path_planner_node.py -> /home/tedee/path/ros2_ws/build/path_planner/build/lib/path_planner
[0.938s] running install
[0.939s] running install_lib
[0.939s] creating /home/tedee/path/ros2_ws/install/path_planner/lib/python3.10/site-packages/path_planner
[0.939s] copying /home/tedee/path/ros2_ws/build/path_planner/build/lib/path_planner/__init__.py -> /home/tedee/path/ros2_ws/install/path_planner/lib/python3.10/site-packages/path_planner
[0.939s] copying /home/tedee/path/ros2_ws/build/path_planner/build/lib/path_planner/path_planner_node.py -> /home/tedee/path/ros2_ws/install/path_planner/lib/python3.10/site-packages/path_planner
[0.939s] byte-compiling /home/tedee/path/ros2_ws/install/path_planner/lib/python3.10/site-packages/path_planner/__init__.py to __init__.cpython-310.pyc
[0.939s] byte-compiling /home/tedee/path/ros2_ws/install/path_planner/lib/python3.10/site-packages/path_planner/path_planner_node.py to path_planner_node.cpython-310.pyc
[0.940s] running install_data
[0.941s] creating /home/tedee/path/ros2_ws/install/path_planner/share/ament_index
[0.941s] creating /home/tedee/path/ros2_ws/install/path_planner/share/ament_index/resource_index
[0.941s] creating /home/tedee/path/ros2_ws/install/path_planner/share/ament_index/resource_index/packages
[0.941s] copying resource/path_planner -> /home/tedee/path/ros2_ws/install/path_planner/share/ament_index/resource_index/packages
[0.941s] copying package.xml -> /home/tedee/path/ros2_ws/install/path_planner/share/path_planner
[0.941s] running install_egg_info
[0.941s] Copying ../../build/path_planner/path_planner.egg-info to /home/tedee/path/ros2_ws/install/path_planner/lib/python3.10/site-packages/path_planner-0.0.0-py3.10.egg-info
[0.941s] running install_scripts
[0.954s] Installing path_planner_node script to /home/tedee/path/ros2_ws/install/path_planner/lib/path_planner
[0.954s] writing list of installed files to '/home/tedee/path/ros2_ws/build/path_planner/install.log'
[0.972s] Invoked command in '/home/tedee/path/ros2_ws/src/path_planner' returned '0': PYTHONPATH=/home/tedee/path/ros2_ws/build/path_planner/prefix_override:/usr/lib/python3/dist-packages/colcon_core/task/python/colcon_distutils_commands:/home/tedee/path/ros2_ws/install/path_planner/lib/python3.10/site-packages:${PYTHONPATH} /usr/bin/python3 -W ignore:setup.py install is deprecated -W ignore:easy_install command is deprecated setup.py egg_info --egg-base ../../build/path_planner build --build-base /home/tedee/path/ros2_ws/build/path_planner/build install --record /home/tedee/path/ros2_ws/build/path_planner/install.log --single-version-externally-managed install_data
