[0.782s] Invoking command in '/home/tedee/path/ros2_ws/src/path_follower': PYTHONPATH=/home/tedee/path/ros2_ws/build/path_follower/prefix_override:/usr/lib/python3/dist-packages/colcon_core/task/python/colcon_distutils_commands:/home/tedee/path/ros2_ws/install/path_follower/lib/python3.10/site-packages:${PYTHONPATH} /usr/bin/python3 -W ignore:setup.py install is deprecated -W ignore:easy_install command is deprecated setup.py egg_info --egg-base ../../build/path_follower build --build-base /home/tedee/path/ros2_ws/build/path_follower/build install --record /home/tedee/path/ros2_ws/build/path_follower/install.log --single-version-externally-managed install_data
[0.944s] running egg_info
[0.944s] writing ../../build/path_follower/path_follower.egg-info/PKG-INFO
[0.944s] writing dependency_links to ../../build/path_follower/path_follower.egg-info/dependency_links.txt
[0.944s] writing entry points to ../../build/path_follower/path_follower.egg-info/entry_points.txt
[0.944s] writing requirements to ../../build/path_follower/path_follower.egg-info/requires.txt
[0.945s] writing top-level names to ../../build/path_follower/path_follower.egg-info/top_level.txt
[0.946s] reading manifest file '../../build/path_follower/path_follower.egg-info/SOURCES.txt'
[0.946s] writing manifest file '../../build/path_follower/path_follower.egg-info/SOURCES.txt'
[0.946s] running build
[0.946s] running build_py
[0.946s] running install
[0.946s] running install_lib
[0.947s] running install_data
[0.947s] running install_egg_info
[0.948s] removing '/home/tedee/path/ros2_ws/install/path_follower/lib/python3.10/site-packages/path_follower-0.0.0-py3.10.egg-info' (and everything under it)
[0.948s] Copying ../../build/path_follower/path_follower.egg-info to /home/tedee/path/ros2_ws/install/path_follower/lib/python3.10/site-packages/path_follower-0.0.0-py3.10.egg-info
[0.949s] running install_scripts
[0.961s] Installing path_follower_node script to /home/tedee/path/ros2_ws/install/path_follower/lib/path_follower
[0.961s] writing list of installed files to '/home/tedee/path/ros2_ws/build/path_follower/install.log'
[0.991s] Invoked command in '/home/tedee/path/ros2_ws/src/path_follower' returned '0': PYTHONPATH=/home/tedee/path/ros2_ws/build/path_follower/prefix_override:/usr/lib/python3/dist-packages/colcon_core/task/python/colcon_distutils_commands:/home/tedee/path/ros2_ws/install/path_follower/lib/python3.10/site-packages:${PYTHONPATH} /usr/bin/python3 -W ignore:setup.py install is deprecated -W ignore:easy_install command is deprecated setup.py egg_info --egg-base ../../build/path_follower build --build-base /home/tedee/path/ros2_ws/build/path_follower/build install --record /home/tedee/path/ros2_ws/build/path_follower/install.log --single-version-externally-managed install_data
