[0.900s] Invoking command in '/home/tedee/path/ros2_ws/src/path_follower': PYTHONPATH=/home/tedee/path/ros2_ws/build/path_follower/prefix_override:/usr/lib/python3/dist-packages/colcon_core/task/python/colcon_distutils_commands:/home/tedee/path/ros2_ws/install/path_follower/lib/python3.10/site-packages:${PYTHONPATH} /usr/bin/python3 -W ignore:setup.py install is deprecated -W ignore:easy_install command is deprecated setup.py egg_info --egg-base ../../build/path_follower build --build-base /home/tedee/path/ros2_ws/build/path_follower/build install --record /home/tedee/path/ros2_ws/build/path_follower/install.log --single-version-externally-managed install_data
[1.089s] running egg_info
[1.089s] writing ../../build/path_follower/path_follower.egg-info/PKG-INFO
[1.089s] writing dependency_links to ../../build/path_follower/path_follower.egg-info/dependency_links.txt
[1.089s] writing entry points to ../../build/path_follower/path_follower.egg-info/entry_points.txt
[1.089s] writing requirements to ../../build/path_follower/path_follower.egg-info/requires.txt
[1.089s] writing top-level names to ../../build/path_follower/path_follower.egg-info/top_level.txt
[1.090s] reading manifest file '../../build/path_follower/path_follower.egg-info/SOURCES.txt'
[1.090s] writing manifest file '../../build/path_follower/path_follower.egg-info/SOURCES.txt'
[1.090s] running build
[1.090s] running build_py
[1.091s] copying path_follower/path_follower_node.py -> /home/tedee/path/ros2_ws/build/path_follower/build/lib/path_follower
[1.091s] running install
[1.091s] running install_lib
[1.091s] copying /home/tedee/path/ros2_ws/build/path_follower/build/lib/path_follower/path_follower_node.py -> /home/tedee/path/ros2_ws/install/path_follower/lib/python3.10/site-packages/path_follower
[1.092s] byte-compiling /home/tedee/path/ros2_ws/install/path_follower/lib/python3.10/site-packages/path_follower/path_follower_node.py to path_follower_node.cpython-310.pyc
[1.092s] running install_data
[1.093s] running install_egg_info
[1.094s] removing '/home/tedee/path/ros2_ws/install/path_follower/lib/python3.10/site-packages/path_follower-0.0.0-py3.10.egg-info' (and everything under it)
[1.094s] Copying ../../build/path_follower/path_follower.egg-info to /home/tedee/path/ros2_ws/install/path_follower/lib/python3.10/site-packages/path_follower-0.0.0-py3.10.egg-info
[1.094s] running install_scripts
[1.109s] Installing path_follower_node script to /home/tedee/path/ros2_ws/install/path_follower/lib/path_follower
[1.109s] writing list of installed files to '/home/tedee/path/ros2_ws/build/path_follower/install.log'
[1.140s] Invoked command in '/home/tedee/path/ros2_ws/src/path_follower' returned '0': PYTHONPATH=/home/tedee/path/ros2_ws/build/path_follower/prefix_override:/usr/lib/python3/dist-packages/colcon_core/task/python/colcon_distutils_commands:/home/tedee/path/ros2_ws/install/path_follower/lib/python3.10/site-packages:${PYTHONPATH} /usr/bin/python3 -W ignore:setup.py install is deprecated -W ignore:easy_install command is deprecated setup.py egg_info --egg-base ../../build/path_follower build --build-base /home/tedee/path/ros2_ws/build/path_follower/build install --record /home/tedee/path/ros2_ws/build/path_follower/install.log --single-version-externally-managed install_data
