[0.778s] Invoking command in '/home/tedee/path/ros2_ws/src/path_follower': PYTHONPATH=/home/tedee/path/ros2_ws/build/path_follower/prefix_override:/usr/lib/python3/dist-packages/colcon_core/task/python/colcon_distutils_commands:/home/tedee/path/ros2_ws/install/path_follower/lib/python3.10/site-packages:${PYTHONPATH} /usr/bin/python3 -W ignore:setup.py install is deprecated -W ignore:easy_install command is deprecated setup.py egg_info --egg-base ../../build/path_follower build --build-base /home/tedee/path/ros2_ws/build/path_follower/build install --record /home/tedee/path/ros2_ws/build/path_follower/install.log --single-version-externally-managed install_data
[0.940s] running egg_info
[0.940s] creating ../../build/path_follower/path_follower.egg-info
[0.940s] writing ../../build/path_follower/path_follower.egg-info/PKG-INFO
[0.940s] writing dependency_links to ../../build/path_follower/path_follower.egg-info/dependency_links.txt
[0.941s] writing entry points to ../../build/path_follower/path_follower.egg-info/entry_points.txt
[0.941s] writing requirements to ../../build/path_follower/path_follower.egg-info/requires.txt
[0.941s] writing top-level names to ../../build/path_follower/path_follower.egg-info/top_level.txt
[0.941s] writing manifest file '../../build/path_follower/path_follower.egg-info/SOURCES.txt'
[0.941s] reading manifest file '../../build/path_follower/path_follower.egg-info/SOURCES.txt'
[0.942s] writing manifest file '../../build/path_follower/path_follower.egg-info/SOURCES.txt'
[0.942s] running build
[0.942s] running build_py
[0.943s] creating /home/tedee/path/ros2_ws/build/path_follower/build
[0.943s] creating /home/tedee/path/ros2_ws/build/path_follower/build/lib
[0.943s] creating /home/tedee/path/ros2_ws/build/path_follower/build/lib/path_follower
[0.943s] copying path_follower/__init__.py -> /home/tedee/path/ros2_ws/build/path_follower/build/lib/path_follower
[0.943s] copying path_follower/path_follower_node.py -> /home/tedee/path/ros2_ws/build/path_follower/build/lib/path_follower
[0.943s] running install
[0.943s] running install_lib
[0.944s] creating /home/tedee/path/ros2_ws/install/path_follower/lib/python3.10/site-packages/path_follower
[0.944s] copying /home/tedee/path/ros2_ws/build/path_follower/build/lib/path_follower/__init__.py -> /home/tedee/path/ros2_ws/install/path_follower/lib/python3.10/site-packages/path_follower
[0.944s] copying /home/tedee/path/ros2_ws/build/path_follower/build/lib/path_follower/path_follower_node.py -> /home/tedee/path/ros2_ws/install/path_follower/lib/python3.10/site-packages/path_follower
[0.944s] byte-compiling /home/tedee/path/ros2_ws/install/path_follower/lib/python3.10/site-packages/path_follower/__init__.py to __init__.cpython-310.pyc
[0.944s] byte-compiling /home/tedee/path/ros2_ws/install/path_follower/lib/python3.10/site-packages/path_follower/path_follower_node.py to path_follower_node.cpython-310.pyc
[0.945s] running install_data
[0.945s] creating /home/tedee/path/ros2_ws/install/path_follower/share/ament_index
[0.945s] creating /home/tedee/path/ros2_ws/install/path_follower/share/ament_index/resource_index
[0.945s] creating /home/tedee/path/ros2_ws/install/path_follower/share/ament_index/resource_index/packages
[0.945s] copying resource/path_follower -> /home/tedee/path/ros2_ws/install/path_follower/share/ament_index/resource_index/packages
[0.945s] copying package.xml -> /home/tedee/path/ros2_ws/install/path_follower/share/path_follower
[0.945s] running install_egg_info
[0.946s] Copying ../../build/path_follower/path_follower.egg-info to /home/tedee/path/ros2_ws/install/path_follower/lib/python3.10/site-packages/path_follower-0.0.0-py3.10.egg-info
[0.946s] running install_scripts
[0.958s] Installing path_follower_node script to /home/tedee/path/ros2_ws/install/path_follower/lib/path_follower
[0.958s] writing list of installed files to '/home/tedee/path/ros2_ws/build/path_follower/install.log'
[0.986s] Invoked command in '/home/tedee/path/ros2_ws/src/path_follower' returned '0': PYTHONPATH=/home/tedee/path/ros2_ws/build/path_follower/prefix_override:/usr/lib/python3/dist-packages/colcon_core/task/python/colcon_distutils_commands:/home/tedee/path/ros2_ws/install/path_follower/lib/python3.10/site-packages:${PYTHONPATH} /usr/bin/python3 -W ignore:setup.py install is deprecated -W ignore:easy_install command is deprecated setup.py egg_info --egg-base ../../build/path_follower build --build-base /home/tedee/path/ros2_ws/build/path_follower/build install --record /home/tedee/path/ros2_ws/build/path_follower/install.log --single-version-externally-managed install_data
